<?xml version="1.0" ?>
<testsuite errors="0" failures="0" name="metric_source.sonar_tests.SonarViolationsTest-20140214134912" tests="3" time="0.025">
	<testcase classname="metric_source.sonar_tests.SonarViolationsTest" name="test_missing_rule" time="0.010"/>
	<testcase classname="metric_source.sonar_tests.SonarViolationsTest" name="test_no_violation" time="0.005"/>
	<testcase classname="metric_source.sonar_tests.SonarViolationsTest" name="test_violation" time="0.011"/>
	<system-out>
<![CDATA[]]>	</system-out>
	<system-err>
<![CDATA[WARNING:root:No pom retriever defined.
WARNING:root:No pom retriever defined.
ERROR:root:Couldn't find Missing product:1.1
ERROR:root:Error formatting dummy
WARNING:root:Could not open failing file
WARNING:root:Couldn't read http://jenkins/job/job-a/lastStableBuild/: HTTP Error None: None
ERROR:root:Couldn't parse http://jenkins/job/job-a/lastStableBuild/
WARNING:root:Couldn't open raise/pom.xml: HTTP Error None: None
ERROR:root:Error parsing http://sonar/
ERROR:root:Shell command failed: Command 'command' returned non-zero exit status -1
WARNING:root:Shell command failed: Command 'command' returned non-zero exit status -1
WARNING:root:Couldn't get cards from Trello board: <urlopen error https://api.trello.com/1/board/object_id/cards?key=appkey&token=token>
ERROR:root:Could not find missing in wiki
WARNING:root:Couldn't remove folder: OSError
]]>	</system-err>
</testsuite>
