<?xml version="1.0" ?>
<testsuite errors="0" failures="0" name="domain.project_tests.ProjectTest-20140214134912" tests="18" time="0.009">
	<testcase classname="domain.project_tests.ProjectTest" name="test_add_product" time="0.000"/>
	<testcase classname="domain.project_tests.ProjectTest" name="test_add_product_with_version" time="0.001"/>
	<testcase classname="domain.project_tests.ProjectTest" name="test_add_product_with_version_twice" time="0.001"/>
	<testcase classname="domain.project_tests.ProjectTest" name="test_add_responsible_team" time="0.000"/>
	<testcase classname="domain.project_tests.ProjectTest" name="test_add_service" time="0.000"/>
	<testcase classname="domain.project_tests.ProjectTest" name="test_add_team" time="0.000"/>
	<testcase classname="domain.project_tests.ProjectTest" name="test_add_version_to_missing_product" time="0.001"/>
	<testcase classname="domain.project_tests.ProjectTest" name="test_analyse_products_with_sonar" time="0.001"/>
	<testcase classname="domain.project_tests.ProjectTest" name="test_analyse_products_without_sonar" time="0.000"/>
	<testcase classname="domain.project_tests.ProjectTest" name="test_dashboard" time="0.000"/>
	<testcase classname="domain.project_tests.ProjectTest" name="test_get_missing_product" time="0.000"/>
	<testcase classname="domain.project_tests.ProjectTest" name="test_get_product" time="0.000"/>
	<testcase classname="domain.project_tests.ProjectTest" name="test_name" time="0.000"/>
	<testcase classname="domain.project_tests.ProjectTest" name="test_organization" time="0.000"/>
	<testcase classname="domain.project_tests.ProjectTest" name="test_product_dependencies" time="0.000"/>
	<testcase classname="domain.project_tests.ProjectTest" name="test_products" time="0.000"/>
	<testcase classname="domain.project_tests.ProjectTest" name="test_services" time="0.000"/>
	<testcase classname="domain.project_tests.ProjectTest" name="test_teams" time="0.000"/>
	<system-out>
<![CDATA[]]>	</system-out>
	<system-err>
<![CDATA[WARNING:root:No pom retriever defined.
WARNING:root:No pom retriever defined.
ERROR:root:Couldn't find Missing product:1.1
ERROR:root:Error formatting dummy
WARNING:root:Could not open failing file
WARNING:root:Couldn't read http://jenkins/job/job-a/lastStableBuild/: HTTP Error None: None
ERROR:root:Couldn't parse http://jenkins/job/job-a/lastStableBuild/
WARNING:root:Couldn't open raise/pom.xml: HTTP Error None: None
ERROR:root:Error parsing http://sonar/
ERROR:root:Shell command failed: Command 'command' returned non-zero exit status -1
WARNING:root:Shell command failed: Command 'command' returned non-zero exit status -1
WARNING:root:Couldn't get cards from Trello board: <urlopen error https://api.trello.com/1/board/object_id/cards?key=appkey&token=token>
ERROR:root:Could not find missing in wiki
WARNING:root:Couldn't remove folder: OSError
]]>	</system-err>
</testsuite>
