<?xml version="1.0" ?>
<testsuite errors="0" failures="0" name="formatting.html_formatter_tests.HTMLFormatterTest-20140214134912" tests="15" time="0.168">
	<testcase classname="formatting.html_formatter_tests.HTMLFormatterTest" name="test_dashboard" time="0.119"/>
	<testcase classname="formatting.html_formatter_tests.HTMLFormatterTest" name="test_history" time="0.003"/>
	<testcase classname="formatting.html_formatter_tests.HTMLFormatterTest" name="test_hover_known_start" time="0.004"/>
	<testcase classname="formatting.html_formatter_tests.HTMLFormatterTest" name="test_hover_unknown_start" time="0.004"/>
	<testcase classname="formatting.html_formatter_tests.HTMLFormatterTest" name="test_meta_kpis" time="0.004"/>
	<testcase classname="formatting.html_formatter_tests.HTMLFormatterTest" name="test_missing_project_resource" time="0.004"/>
	<testcase classname="formatting.html_formatter_tests.HTMLFormatterTest" name="test_one_kpi" time="0.004"/>
	<testcase classname="formatting.html_formatter_tests.HTMLFormatterTest" name="test_postfix" time="0.000"/>
	<testcase classname="formatting.html_formatter_tests.HTMLFormatterTest" name="test_product_meta_data_latest_release" time="0.004"/>
	<testcase classname="formatting.html_formatter_tests.HTMLFormatterTest" name="test_product_meta_data_release_candidate" time="0.004"/>
	<testcase classname="formatting.html_formatter_tests.HTMLFormatterTest" name="test_project_resources" time="0.004"/>
	<testcase classname="formatting.html_formatter_tests.HTMLFormatterTest" name="test_section" time="0.004"/>
	<testcase classname="formatting.html_formatter_tests.HTMLFormatterTest" name="test_section_with_link" time="0.001"/>
	<testcase classname="formatting.html_formatter_tests.HTMLFormatterTest" name="test_team" time="0.004"/>
	<testcase classname="formatting.html_formatter_tests.HTMLFormatterTest" name="test_title_in_prefix" time="0.003"/>
	<system-out>
<![CDATA[]]>	</system-out>
	<system-err>
<![CDATA[WARNING:root:No pom retriever defined.
WARNING:root:No pom retriever defined.
ERROR:root:Couldn't find Missing product:1.1
ERROR:root:Error formatting dummy
WARNING:root:Could not open failing file
WARNING:root:Couldn't read http://jenkins/job/job-a/lastStableBuild/: HTTP Error None: None
ERROR:root:Couldn't parse http://jenkins/job/job-a/lastStableBuild/
WARNING:root:Couldn't open raise/pom.xml: HTTP Error None: None
ERROR:root:Error parsing http://sonar/
ERROR:root:Shell command failed: Command 'command' returned non-zero exit status -1
WARNING:root:Shell command failed: Command 'command' returned non-zero exit status -1
WARNING:root:Couldn't get cards from Trello board: <urlopen error https://api.trello.com/1/board/object_id/cards?key=appkey&token=token>
ERROR:root:Could not find missing in wiki
WARNING:root:Couldn't remove folder: OSError
]]>	</system-err>
</testsuite>
