<?xml version="1.0" ?>
<testsuite errors="0" failures="0" name="domain.measurement.target_tests.DynamicTechnicalDebtTargetTests-20140214134912" tests="7" time="0.003">
	<testcase classname="domain.measurement.target_tests.DynamicTechnicalDebtTargetTests" name="test_after_end_date" time="0.000"/>
	<testcase classname="domain.measurement.target_tests.DynamicTechnicalDebtTargetTests" name="test_at_end_date" time="0.000"/>
	<testcase classname="domain.measurement.target_tests.DynamicTechnicalDebtTargetTests" name="test_at_initial_date" time="0.000"/>
	<testcase classname="domain.measurement.target_tests.DynamicTechnicalDebtTargetTests" name="test_before_initial_date" time="0.000"/>
	<testcase classname="domain.measurement.target_tests.DynamicTechnicalDebtTargetTests" name="test_custom_explanation" time="0.001"/>
	<testcase classname="domain.measurement.target_tests.DynamicTechnicalDebtTargetTests" name="test_default_explanation" time="0.000"/>
	<testcase classname="domain.measurement.target_tests.DynamicTechnicalDebtTargetTests" name="test_halfway" time="0.000"/>
	<system-out>
<![CDATA[]]>	</system-out>
	<system-err>
<![CDATA[WARNING:root:No pom retriever defined.
WARNING:root:No pom retriever defined.
ERROR:root:Couldn't find Missing product:1.1
ERROR:root:Error formatting dummy
WARNING:root:Could not open failing file
WARNING:root:Couldn't read http://jenkins/job/job-a/lastStableBuild/: HTTP Error None: None
ERROR:root:Couldn't parse http://jenkins/job/job-a/lastStableBuild/
WARNING:root:Couldn't open raise/pom.xml: HTTP Error None: None
ERROR:root:Error parsing http://sonar/
ERROR:root:Shell command failed: Command 'command' returned non-zero exit status -1
WARNING:root:Shell command failed: Command 'command' returned non-zero exit status -1
WARNING:root:Couldn't get cards from Trello board: <urlopen error https://api.trello.com/1/board/object_id/cards?key=appkey&token=token>
ERROR:root:Could not find missing in wiki
WARNING:root:Couldn't remove folder: OSError
]]>	</system-err>
</testsuite>
