<?xml version="1.0" ?>
<testsuite errors="0" failures="0" name="formatting.json_formatter_tests.JSONFormatterTest-20140214134912" tests="4" time="0.003">
	<testcase classname="formatting.json_formatter_tests.JSONFormatterTest" name="test_formatting_error" time="0.001"/>
	<testcase classname="formatting.json_formatter_tests.JSONFormatterTest" name="test_prefix_no_products" time="0.000"/>
	<testcase classname="formatting.json_formatter_tests.JSONFormatterTest" name="test_prefix_product" time="0.001"/>
	<testcase classname="formatting.json_formatter_tests.JSONFormatterTest" name="test_process" time="0.001"/>
	<system-out>
<![CDATA[]]>	</system-out>
	<system-err>
<![CDATA[WARNING:root:No pom retriever defined.
WARNING:root:No pom retriever defined.
ERROR:root:Couldn't find Missing product:1.1
ERROR:root:Error formatting dummy
WARNING:root:Could not open failing file
WARNING:root:Couldn't read http://jenkins/job/job-a/lastStableBuild/: HTTP Error None: None
ERROR:root:Couldn't parse http://jenkins/job/job-a/lastStableBuild/
WARNING:root:Couldn't open raise/pom.xml: HTTP Error None: None
ERROR:root:Error parsing http://sonar/
ERROR:root:Shell command failed: Command 'command' returned non-zero exit status -1
WARNING:root:Shell command failed: Command 'command' returned non-zero exit status -1
WARNING:root:Couldn't get cards from Trello board: <urlopen error https://api.trello.com/1/board/object_id/cards?key=appkey&token=token>
ERROR:root:Could not find missing in wiki
WARNING:root:Couldn't remove folder: OSError
]]>	</system-err>
</testsuite>
