<?xml version="1.0" ?>
<testsuite errors="0" failures="0" name="metric.product.violation_metric_tests.CriticalViolationsTest-20140214134912" tests="7" time="0.004">
	<testcase classname="metric.product.violation_metric_tests.CriticalViolationsTest" name="test_is_perfect" time="0.001"/>
	<testcase classname="metric.product.violation_metric_tests.CriticalViolationsTest" name="test_numerical_value" time="0.001"/>
	<testcase classname="metric.product.violation_metric_tests.CriticalViolationsTest" name="test_report" time="0.001"/>
	<testcase classname="metric.product.violation_metric_tests.CriticalViolationsTest" name="test_status" time="0.001"/>
	<testcase classname="metric.product.violation_metric_tests.CriticalViolationsTest" name="test_status_with_technical_debt" time="0.001"/>
	<testcase classname="metric.product.violation_metric_tests.CriticalViolationsTest" name="test_url" time="0.001"/>
	<testcase classname="metric.product.violation_metric_tests.CriticalViolationsTest" name="test_value" time="0.000"/>
	<system-out>
<![CDATA[]]>	</system-out>
	<system-err>
<![CDATA[WARNING:root:No pom retriever defined.
WARNING:root:No pom retriever defined.
ERROR:root:Couldn't find Missing product:1.1
ERROR:root:Error formatting dummy
WARNING:root:Could not open failing file
WARNING:root:Couldn't read http://jenkins/job/job-a/lastStableBuild/: HTTP Error None: None
ERROR:root:Couldn't parse http://jenkins/job/job-a/lastStableBuild/
WARNING:root:Couldn't open raise/pom.xml: HTTP Error None: None
ERROR:root:Error parsing http://sonar/
ERROR:root:Shell command failed: Command 'command' returned non-zero exit status -1
WARNING:root:Shell command failed: Command 'command' returned non-zero exit status -1
WARNING:root:Couldn't get cards from Trello board: <urlopen error https://api.trello.com/1/board/object_id/cards?key=appkey&token=token>
ERROR:root:Could not find missing in wiki
WARNING:root:Couldn't remove folder: OSError
]]>	</system-err>
</testsuite>
