<?xml version="1.0" ?>
<testsuite errors="0" failures="0" name="metric_source.jira_tests.JiraTest-20140214134912" tests="15" time="0.084">
	<testcase classname="metric_source.jira_tests.JiraTest" name="test_blocking_test_issues" time="0.004"/>
	<testcase classname="metric_source.jira_tests.JiraTest" name="test_default_new_task_url" time="0.001"/>
	<testcase classname="metric_source.jira_tests.JiraTest" name="test_has_open_bugs_query" time="0.000"/>
	<testcase classname="metric_source.jira_tests.JiraTest" name="test_has_open_security_bugs_query" time="0.001"/>
	<testcase classname="metric_source.jira_tests.JiraTest" name="test_has_test_issues_query" time="0.001"/>
	<testcase classname="metric_source.jira_tests.JiraTest" name="test_new_task_url" time="0.001"/>
	<testcase classname="metric_source.jira_tests.JiraTest" name="test_no_tasks" time="0.002"/>
	<testcase classname="metric_source.jira_tests.JiraTest" name="test_nr_open_bugs" time="0.005"/>
	<testcase classname="metric_source.jira_tests.JiraTest" name="test_nr_open_bugs_url" time="0.003"/>
	<testcase classname="metric_source.jira_tests.JiraTest" name="test_nr_open_security_bugs" time="0.003"/>
	<testcase classname="metric_source.jira_tests.JiraTest" name="test_nr_open_security_bugs_url" time="0.002"/>
	<testcase classname="metric_source.jira_tests.JiraTest" name="test_one_recent_task" time="0.057"/>
	<testcase classname="metric_source.jira_tests.JiraTest" name="test_one_task" time="0.003"/>
	<testcase classname="metric_source.jira_tests.JiraTest" name="test_test_issues_url" time="0.002"/>
	<testcase classname="metric_source.jira_tests.JiraTest" name="test_url" time="0.000"/>
	<system-out>
<![CDATA[]]>	</system-out>
	<system-err>
<![CDATA[WARNING:root:No pom retriever defined.
WARNING:root:No pom retriever defined.
ERROR:root:Couldn't find Missing product:1.1
ERROR:root:Error formatting dummy
WARNING:root:Could not open failing file
WARNING:root:Couldn't read http://jenkins/job/job-a/lastStableBuild/: HTTP Error None: None
ERROR:root:Couldn't parse http://jenkins/job/job-a/lastStableBuild/
WARNING:root:Couldn't open raise/pom.xml: HTTP Error None: None
ERROR:root:Error parsing http://sonar/
ERROR:root:Shell command failed: Command 'command' returned non-zero exit status -1
WARNING:root:Shell command failed: Command 'command' returned non-zero exit status -1
WARNING:root:Couldn't get cards from Trello board: <urlopen error https://api.trello.com/1/board/object_id/cards?key=appkey&token=token>
ERROR:root:Could not find missing in wiki
WARNING:root:Couldn't remove folder: OSError
]]>	</system-err>
</testsuite>
