<?xml version="1.0" ?>
<testsuite errors="0" failures="0" name="domain.measurement.metric_tests.MetricTest-20140214134912" tests="40" time="0.044">
	<testcase classname="domain.measurement.metric_tests.MetricTest" name="test_comment_from_wiki_url" time="0.001"/>
	<testcase classname="domain.measurement.metric_tests.MetricTest" name="test_comment_technical_debt" time="0.001"/>
	<testcase classname="domain.measurement.metric_tests.MetricTest" name="test_comment_technical_debt_url" time="0.001"/>
	<testcase classname="domain.measurement.metric_tests.MetricTest" name="test_default_comment" time="0.001"/>
	<testcase classname="domain.measurement.metric_tests.MetricTest" name="test_default_comment_url_label" time="0.000"/>
	<testcase classname="domain.measurement.metric_tests.MetricTest" name="test_default_comment_urls" time="0.001"/>
	<testcase classname="domain.measurement.metric_tests.MetricTest" name="test_default_low_target" time="0.000"/>
	<testcase classname="domain.measurement.metric_tests.MetricTest" name="test_default_norm" time="0.001"/>
	<testcase classname="domain.measurement.metric_tests.MetricTest" name="test_default_report" time="0.001"/>
	<testcase classname="domain.measurement.metric_tests.MetricTest" name="test_default_responsible_teams" time="0.000"/>
	<testcase classname="domain.measurement.metric_tests.MetricTest" name="test_default_status" time="0.001"/>
	<testcase classname="domain.measurement.metric_tests.MetricTest" name="test_default_target" time="0.001"/>
	<testcase classname="domain.measurement.metric_tests.MetricTest" name="test_default_tasks" time="0.001"/>
	<testcase classname="domain.measurement.metric_tests.MetricTest" name="test_default_url" time="0.000"/>
	<testcase classname="domain.measurement.metric_tests.MetricTest" name="test_default_url_label" time="0.000"/>
	<testcase classname="domain.measurement.metric_tests.MetricTest" name="test_default_y_axis_range" time="0.000"/>
	<testcase classname="domain.measurement.metric_tests.MetricTest" name="test_new_task_url" time="0.024"/>
	<testcase classname="domain.measurement.metric_tests.MetricTest" name="test_no_task_urls" time="0.001"/>
	<testcase classname="domain.measurement.metric_tests.MetricTest" name="test_no_task_urls_without_issue_manager" time="0.000"/>
	<testcase classname="domain.measurement.metric_tests.MetricTest" name="test_numerical_value" time="0.000"/>
	<testcase classname="domain.measurement.metric_tests.MetricTest" name="test_one_task_url" time="0.000"/>
	<testcase classname="domain.measurement.metric_tests.MetricTest" name="test_passed_responsible_teams" time="0.000"/>
	<testcase classname="domain.measurement.metric_tests.MetricTest" name="test_perfect_status" time="0.001"/>
	<testcase classname="domain.measurement.metric_tests.MetricTest" name="test_product_version_type" time="0.000"/>
	<testcase classname="domain.measurement.metric_tests.MetricTest" name="test_recent_history" time="0.000"/>
	<testcase classname="domain.measurement.metric_tests.MetricTest" name="test_red_when_never_measured" time="0.000"/>
	<testcase classname="domain.measurement.metric_tests.MetricTest" name="test_red_when_old" time="0.000"/>
	<testcase classname="domain.measurement.metric_tests.MetricTest" name="test_report_with_long_subject" time="0.001"/>
	<testcase classname="domain.measurement.metric_tests.MetricTest" name="test_set_id_string" time="0.000"/>
	<testcase classname="domain.measurement.metric_tests.MetricTest" name="test_stable_id" time="0.000"/>
	<testcase classname="domain.measurement.metric_tests.MetricTest" name="test_stable_id_mutable_subject" time="0.000"/>
	<testcase classname="domain.measurement.metric_tests.MetricTest" name="test_status_start_date" time="0.000"/>
	<testcase classname="domain.measurement.metric_tests.MetricTest" name="test_subject_low_target" time="0.000"/>
	<testcase classname="domain.measurement.metric_tests.MetricTest" name="test_subject_responsible_teams" time="0.000"/>
	<testcase classname="domain.measurement.metric_tests.MetricTest" name="test_subject_target" time="0.000"/>
	<testcase classname="domain.measurement.metric_tests.MetricTest" name="test_two_task_urls" time="0.000"/>
	<testcase classname="domain.measurement.metric_tests.MetricTest" name="test_y_axis_range" time="0.000"/>
	<testcase classname="domain.measurement.metric_tests.MetricTest" name="test_y_axis_range_negatives" time="0.000"/>
	<testcase classname="domain.measurement.metric_tests.MetricTest" name="test_yellow_when_never_measured" time="0.000"/>
	<testcase classname="domain.measurement.metric_tests.MetricTest" name="test_yellow_when_old" time="0.000"/>
	<system-out>
<![CDATA[]]>	</system-out>
	<system-err>
<![CDATA[WARNING:root:No pom retriever defined.
WARNING:root:No pom retriever defined.
ERROR:root:Couldn't find Missing product:1.1
ERROR:root:Error formatting dummy
WARNING:root:Could not open failing file
WARNING:root:Couldn't read http://jenkins/job/job-a/lastStableBuild/: HTTP Error None: None
ERROR:root:Couldn't parse http://jenkins/job/job-a/lastStableBuild/
WARNING:root:Couldn't open raise/pom.xml: HTTP Error None: None
ERROR:root:Error parsing http://sonar/
ERROR:root:Shell command failed: Command 'command' returned non-zero exit status -1
WARNING:root:Shell command failed: Command 'command' returned non-zero exit status -1
WARNING:root:Couldn't get cards from Trello board: <urlopen error https://api.trello.com/1/board/object_id/cards?key=appkey&token=token>
ERROR:root:Could not find missing in wiki
WARNING:root:Couldn't remove folder: OSError
]]>	</system-err>
</testsuite>
