<?xml version="1.0" ?>
<testsuite errors="0" failures="0" name="metric_source.birt_tests.BirtTest-20140214134912" tests="20" time="1.611">
	<testcase classname="metric_source.birt_tests.BirtTest" name="test_approved_ltcs" time="0.128"/>
	<testcase classname="metric_source.birt_tests.BirtTest" name="test_approved_user_stories" time="0.128"/>
	<testcase classname="metric_source.birt_tests.BirtTest" name="test_has_no_test_design" time="0.135"/>
	<testcase classname="metric_source.birt_tests.BirtTest" name="test_has_test_design" time="0.125"/>
	<testcase classname="metric_source.birt_tests.BirtTest" name="test_late_date_manual_tests" time="0.034"/>
	<testcase classname="metric_source.birt_tests.BirtTest" name="test_manual_test_url_trunk" time="0.000"/>
	<testcase classname="metric_source.birt_tests.BirtTest" name="test_manual_test_url_version" time="0.000"/>
	<testcase classname="metric_source.birt_tests.BirtTest" name="test_no_date_manual_tests" time="0.049"/>
	<testcase classname="metric_source.birt_tests.BirtTest" name="test_non_existing_product" time="0.131"/>
	<testcase classname="metric_source.birt_tests.BirtTest" name="test_nr_automated_ltcs" time="0.168"/>
	<testcase classname="metric_source.birt_tests.BirtTest" name="test_nr_ltcs" time="0.133"/>
	<testcase classname="metric_source.birt_tests.BirtTest" name="test_nr_ltcs_to_be_automated" time="0.131"/>
	<testcase classname="metric_source.birt_tests.BirtTest" name="test_nr_manual_ltcs" time="0.129"/>
	<testcase classname="metric_source.birt_tests.BirtTest" name="test_nr_manual_ltcs_too_old" time="0.033"/>
	<testcase classname="metric_source.birt_tests.BirtTest" name="test_nr_user_stories" time="0.128"/>
	<testcase classname="metric_source.birt_tests.BirtTest" name="test_nr_user_stories_with_sufficient_ltcs" time="0.156"/>
	<testcase classname="metric_source.birt_tests.BirtTest" name="test_sprint_progress_url" time="0.000"/>
	<testcase classname="metric_source.birt_tests.BirtTest" name="test_test_design_url" time="0.000"/>
	<testcase classname="metric_source.birt_tests.BirtTest" name="test_url" time="0.000"/>
	<testcase classname="metric_source.birt_tests.BirtTest" name="test_whats_missing_url" time="0.000"/>
	<system-out>
<![CDATA[]]>	</system-out>
	<system-err>
<![CDATA[WARNING:root:No pom retriever defined.
WARNING:root:No pom retriever defined.
ERROR:root:Couldn't find Missing product:1.1
ERROR:root:Error formatting dummy
WARNING:root:Could not open failing file
WARNING:root:Couldn't read http://jenkins/job/job-a/lastStableBuild/: HTTP Error None: None
ERROR:root:Couldn't parse http://jenkins/job/job-a/lastStableBuild/
WARNING:root:Couldn't open raise/pom.xml: HTTP Error None: None
ERROR:root:Error parsing http://sonar/
ERROR:root:Shell command failed: Command 'command' returned non-zero exit status -1
WARNING:root:Shell command failed: Command 'command' returned non-zero exit status -1
WARNING:root:Couldn't get cards from Trello board: <urlopen error https://api.trello.com/1/board/object_id/cards?key=appkey&token=token>
ERROR:root:Could not find missing in wiki
WARNING:root:Couldn't remove folder: OSError
]]>	</system-err>
</testsuite>
