<?xml version="1.0" ?>
<testsuite errors="0" failures="0" name="metric_source.subversion_tests.SubversionTest-20140214134912" tests="9" time="0.098">
	<testcase classname="metric_source.subversion_tests.SubversionTest" name="test_branches" time="0.003"/>
	<testcase classname="metric_source.subversion_tests.SubversionTest" name="test_check_out" time="0.000"/>
	<testcase classname="metric_source.subversion_tests.SubversionTest" name="test_check_out_with_credentials" time="0.000"/>
	<testcase classname="metric_source.subversion_tests.SubversionTest" name="test_last_changed_date" time="0.069"/>
	<testcase classname="metric_source.subversion_tests.SubversionTest" name="test_latest_tagged_product_version" time="0.016"/>
	<testcase classname="metric_source.subversion_tests.SubversionTest" name="test_latest_tagged_product_version_with_error" time="0.002"/>
	<testcase classname="metric_source.subversion_tests.SubversionTest" name="test_log_and_raise_exception" time="0.002"/>
	<testcase classname="metric_source.subversion_tests.SubversionTest" name="test_log_exception" time="0.003"/>
	<testcase classname="metric_source.subversion_tests.SubversionTest" name="test_unmerged_branches" time="0.003"/>
	<system-out>
<![CDATA[]]>	</system-out>
	<system-err>
<![CDATA[WARNING:root:No pom retriever defined.
WARNING:root:No pom retriever defined.
ERROR:root:Couldn't find Missing product:1.1
ERROR:root:Error formatting dummy
WARNING:root:Could not open failing file
WARNING:root:Couldn't read http://jenkins/job/job-a/lastStableBuild/: HTTP Error None: None
ERROR:root:Couldn't parse http://jenkins/job/job-a/lastStableBuild/
WARNING:root:Couldn't open raise/pom.xml: HTTP Error None: None
ERROR:root:Error parsing http://sonar/
ERROR:root:Shell command failed: Command 'command' returned non-zero exit status -1
WARNING:root:Shell command failed: Command 'command' returned non-zero exit status -1
WARNING:root:Couldn't get cards from Trello board: <urlopen error https://api.trello.com/1/board/object_id/cards?key=appkey&token=token>
ERROR:root:Could not find missing in wiki
WARNING:root:Couldn't remove folder: OSError
]]>	</system-err>
</testsuite>
