<?xml version="1.0" ?>
<testsuite errors="0" failures="0" name="metric_source.jenkins_tests.JenkinsTest-20140214134912" tests="21" time="0.192">
	<testcase classname="metric_source.jenkins_tests.JenkinsTest" name="test_failing_jobs_by_team" time="0.001"/>
	<testcase classname="metric_source.jenkins_tests.JenkinsTest" name="test_failing_jobs_grace" time="0.105"/>
	<testcase classname="metric_source.jenkins_tests.JenkinsTest" name="test_failing_jobs_url" time="0.004"/>
	<testcase classname="metric_source.jenkins_tests.JenkinsTest" name="test_failing_jobs_url_old" time="0.004"/>
	<testcase classname="metric_source.jenkins_tests.JenkinsTest" name="test_ignore_disable_job" time="0.001"/>
	<testcase classname="metric_source.jenkins_tests.JenkinsTest" name="test_no_failing_jobs" time="0.001"/>
	<testcase classname="metric_source.jenkins_tests.JenkinsTest" name="test_no_unused_jobs" time="0.001"/>
	<testcase classname="metric_source.jenkins_tests.JenkinsTest" name="test_nr_of_assigned_jobs" time="0.001"/>
	<testcase classname="metric_source.jenkins_tests.JenkinsTest" name="test_nr_of_jobs" time="0.001"/>
	<testcase classname="metric_source.jenkins_tests.JenkinsTest" name="test_nr_of_jobs_for_team" time="0.001"/>
	<testcase classname="metric_source.jenkins_tests.JenkinsTest" name="test_one_failing_job" time="0.004"/>
	<testcase classname="metric_source.jenkins_tests.JenkinsTest" name="test_one_unused_job" time="0.006"/>
	<testcase classname="metric_source.jenkins_tests.JenkinsTest" name="test_unassigned_jobs_url" time="0.001"/>
	<testcase classname="metric_source.jenkins_tests.JenkinsTest" name="test_unstable_art_dutch" time="0.011"/>
	<testcase classname="metric_source.jenkins_tests.JenkinsTest" name="test_unstable_art_http_error" time="0.006"/>
	<testcase classname="metric_source.jenkins_tests.JenkinsTest" name="test_unstable_art_old_age" time="0.009"/>
	<testcase classname="metric_source.jenkins_tests.JenkinsTest" name="test_unstable_art_parse_error" time="0.009"/>
	<testcase classname="metric_source.jenkins_tests.JenkinsTest" name="test_unstable_arts_none" time="0.004"/>
	<testcase classname="metric_source.jenkins_tests.JenkinsTest" name="test_unstable_arts_one" time="0.011"/>
	<testcase classname="metric_source.jenkins_tests.JenkinsTest" name="test_unstable_arts_one_just" time="0.011"/>
	<testcase classname="metric_source.jenkins_tests.JenkinsTest" name="test_url" time="0.001"/>
	<system-out>
<![CDATA[]]>	</system-out>
	<system-err>
<![CDATA[WARNING:root:No pom retriever defined.
WARNING:root:No pom retriever defined.
ERROR:root:Couldn't find Missing product:1.1
ERROR:root:Error formatting dummy
WARNING:root:Could not open failing file
WARNING:root:Couldn't read http://jenkins/job/job-a/lastStableBuild/: HTTP Error None: None
ERROR:root:Couldn't parse http://jenkins/job/job-a/lastStableBuild/
WARNING:root:Couldn't open raise/pom.xml: HTTP Error None: None
ERROR:root:Error parsing http://sonar/
ERROR:root:Shell command failed: Command 'command' returned non-zero exit status -1
WARNING:root:Shell command failed: Command 'command' returned non-zero exit status -1
WARNING:root:Couldn't get cards from Trello board: <urlopen error https://api.trello.com/1/board/object_id/cards?key=appkey&token=token>
ERROR:root:Could not find missing in wiki
WARNING:root:Couldn't remove folder: OSError
]]>	</system-err>
</testsuite>
