<?xml version="1.0" ?>
<testsuite errors="0" failures="0" name="domain.product_tests.ProductTest-20140214134912" tests="32" time="0.031">
	<testcase classname="domain.product_tests.ProductTest" name="test_all_sonar_ids" time="0.001"/>
	<testcase classname="domain.product_tests.ProductTest" name="test_all_sonar_ids_jsf" time="0.002"/>
	<testcase classname="domain.product_tests.ProductTest" name="test_all_sonar_ids_released" time="0.001"/>
	<testcase classname="domain.product_tests.ProductTest" name="test_all_sonar_ids_unittests" time="0.001"/>
	<testcase classname="domain.product_tests.ProductTest" name="test_birt_has_no_test_design" time="0.001"/>
	<testcase classname="domain.product_tests.ProductTest" name="test_birt_has_test_design" time="0.001"/>
	<testcase classname="domain.product_tests.ProductTest" name="test_default_jsf" time="0.001"/>
	<testcase classname="domain.product_tests.ProductTest" name="test_is_latest_release" time="0.001"/>
	<testcase classname="domain.product_tests.ProductTest" name="test_java_home" time="0.001"/>
	<testcase classname="domain.product_tests.ProductTest" name="test_java_home_from_project" time="0.001"/>
	<testcase classname="domain.product_tests.ProductTest" name="test_jsf" time="0.001"/>
	<testcase classname="domain.product_tests.ProductTest" name="test_jsf_has_product_version" time="0.001"/>
	<testcase classname="domain.product_tests.ProductTest" name="test_last_changed_date" time="0.001"/>
	<testcase classname="domain.product_tests.ProductTest" name="test_latest_release_product_version_without_svn_path" time="0.001"/>
	<testcase classname="domain.product_tests.ProductTest" name="test_latest_released_product_version" time="0.001"/>
	<testcase classname="domain.product_tests.ProductTest" name="test_maven_binary" time="0.001"/>
	<testcase classname="domain.product_tests.ProductTest" name="test_maven_binary_from_project" time="0.001"/>
	<testcase classname="domain.product_tests.ProductTest" name="test_no_birt_no_test_design" time="0.001"/>
	<testcase classname="domain.product_tests.ProductTest" name="test_old_sonar_id" time="0.001"/>
	<testcase classname="domain.product_tests.ProductTest" name="test_one_unknown_dependency" time="0.002"/>
	<testcase classname="domain.product_tests.ProductTest" name="test_product_name" time="0.001"/>
	<testcase classname="domain.product_tests.ProductTest" name="test_project_responsible_teams" time="0.001"/>
	<testcase classname="domain.product_tests.ProductTest" name="test_responsible_teams" time="0.001"/>
	<testcase classname="domain.product_tests.ProductTest" name="test_set_responsible_team" time="0.001"/>
	<testcase classname="domain.product_tests.ProductTest" name="test_sonar_id" time="0.001"/>
	<testcase classname="domain.product_tests.ProductTest" name="test_sonar_id_with_version" time="0.001"/>
	<testcase classname="domain.product_tests.ProductTest" name="test_trunk_is_not_latest_release" time="0.001"/>
	<testcase classname="domain.product_tests.ProductTest" name="test_trunk_without_dependencies" time="0.002"/>
	<testcase classname="domain.product_tests.ProductTest" name="test_version_type_release" time="0.001"/>
	<testcase classname="domain.product_tests.ProductTest" name="test_version_type_tag" time="0.001"/>
	<testcase classname="domain.product_tests.ProductTest" name="test_version_type_trunk" time="0.001"/>
	<testcase classname="domain.product_tests.ProductTest" name="test_version_without_dependencies" time="0.002"/>
	<system-out>
<![CDATA[]]>	</system-out>
	<system-err>
<![CDATA[WARNING:root:No pom retriever defined.
WARNING:root:No pom retriever defined.
ERROR:root:Couldn't find Missing product:1.1
ERROR:root:Error formatting dummy
WARNING:root:Could not open failing file
WARNING:root:Couldn't read http://jenkins/job/job-a/lastStableBuild/: HTTP Error None: None
ERROR:root:Couldn't parse http://jenkins/job/job-a/lastStableBuild/
WARNING:root:Couldn't open raise/pom.xml: HTTP Error None: None
ERROR:root:Error parsing http://sonar/
ERROR:root:Shell command failed: Command 'command' returned non-zero exit status -1
WARNING:root:Shell command failed: Command 'command' returned non-zero exit status -1
WARNING:root:Couldn't get cards from Trello board: <urlopen error https://api.trello.com/1/board/object_id/cards?key=appkey&token=token>
ERROR:root:Could not find missing in wiki
WARNING:root:Couldn't remove folder: OSError
]]>	</system-err>
</testsuite>
