<?xml version="1.0" ?>
<testsuite errors="0" failures="0" name="utils_tests.FormatTimeDeltaTest-20140214134912" tests="11" time="0.003">
	<testcase classname="utils_tests.FormatTimeDeltaTest" name="test_one_and_a_half_hour" time="0.000"/>
	<testcase classname="utils_tests.FormatTimeDeltaTest" name="test_one_day" time="0.000"/>
	<testcase classname="utils_tests.FormatTimeDeltaTest" name="test_one_day_and_one_hour" time="0.000"/>
	<testcase classname="utils_tests.FormatTimeDeltaTest" name="test_one_day_and_two_hours" time="0.000"/>
	<testcase classname="utils_tests.FormatTimeDeltaTest" name="test_one_hour" time="0.000"/>
	<testcase classname="utils_tests.FormatTimeDeltaTest" name="test_one_minute" time="0.000"/>
	<testcase classname="utils_tests.FormatTimeDeltaTest" name="test_one_second" time="0.000"/>
	<testcase classname="utils_tests.FormatTimeDeltaTest" name="test_three_and_a_half_hour" time="0.000"/>
	<testcase classname="utils_tests.FormatTimeDeltaTest" name="test_two_days" time="0.000"/>
	<testcase classname="utils_tests.FormatTimeDeltaTest" name="test_two_days_and_a_few_hours" time="0.000"/>
	<testcase classname="utils_tests.FormatTimeDeltaTest" name="test_two_minutes" time="0.000"/>
	<system-out>
<![CDATA[]]>	</system-out>
	<system-err>
<![CDATA[WARNING:root:No pom retriever defined.
WARNING:root:No pom retriever defined.
ERROR:root:Couldn't find Missing product:1.1
ERROR:root:Error formatting dummy
WARNING:root:Could not open failing file
WARNING:root:Couldn't read http://jenkins/job/job-a/lastStableBuild/: HTTP Error None: None
ERROR:root:Couldn't parse http://jenkins/job/job-a/lastStableBuild/
WARNING:root:Couldn't open raise/pom.xml: HTTP Error None: None
ERROR:root:Error parsing http://sonar/
ERROR:root:Shell command failed: Command 'command' returned non-zero exit status -1
WARNING:root:Shell command failed: Command 'command' returned non-zero exit status -1
WARNING:root:Couldn't get cards from Trello board: <urlopen error https://api.trello.com/1/board/object_id/cards?key=appkey&token=token>
ERROR:root:Could not find missing in wiki
WARNING:root:Couldn't remove folder: OSError
]]>	</system-err>
</testsuite>
