<?xml version="1.0" ?>
<testsuite errors="0" failures="0" name="metric_source.history_tests.HistoryTest-20140214134912" tests="9" time="0.063">
	<testcase classname="metric_source.history_tests.HistoryTest" name="test_clean_big_history" time="0.002"/>
	<testcase classname="metric_source.history_tests.HistoryTest" name="test_clean_clean_history" time="0.002"/>
	<testcase classname="metric_source.history_tests.HistoryTest" name="test_clean_history" time="0.001"/>
	<testcase classname="metric_source.history_tests.HistoryTest" name="test_clean_old_history" time="0.002"/>
	<testcase classname="metric_source.history_tests.HistoryTest" name="test_missing_recent_history" time="0.001"/>
	<testcase classname="metric_source.history_tests.HistoryTest" name="test_recent_history" time="0.001"/>
	<testcase classname="metric_source.history_tests.HistoryTest" name="test_status_start_date" time="0.053"/>
	<testcase classname="metric_source.history_tests.HistoryTest" name="test_status_start_date_new_metric" time="0.001"/>
	<testcase classname="metric_source.history_tests.HistoryTest" name="test_status_start_date_no_history" time="0.001"/>
	<system-out>
<![CDATA[]]>	</system-out>
	<system-err>
<![CDATA[WARNING:root:No pom retriever defined.
WARNING:root:No pom retriever defined.
ERROR:root:Couldn't find Missing product:1.1
ERROR:root:Error formatting dummy
WARNING:root:Could not open failing file
WARNING:root:Couldn't read http://jenkins/job/job-a/lastStableBuild/: HTTP Error None: None
ERROR:root:Couldn't parse http://jenkins/job/job-a/lastStableBuild/
WARNING:root:Couldn't open raise/pom.xml: HTTP Error None: None
ERROR:root:Error parsing http://sonar/
ERROR:root:Shell command failed: Command 'command' returned non-zero exit status -1
WARNING:root:Shell command failed: Command 'command' returned non-zero exit status -1
WARNING:root:Couldn't get cards from Trello board: <urlopen error https://api.trello.com/1/board/object_id/cards?key=appkey&token=token>
ERROR:root:Could not find missing in wiki
WARNING:root:Couldn't remove folder: OSError
]]>	</system-err>
</testsuite>
