<?xml version="1.0" ?>
<testsuite errors="0" failures="0" name="metric_source.sonar_tests.SonarTest-20140214134912" tests="18" time="0.009">
	<testcase classname="metric_source.sonar_tests.SonarTest" name="test_commented_loc" time="0.001"/>
	<testcase classname="metric_source.sonar_tests.SonarTest" name="test_complex_methods" time="0.001"/>
	<testcase classname="metric_source.sonar_tests.SonarTest" name="test_critical_violations" time="0.000"/>
	<testcase classname="metric_source.sonar_tests.SonarTest" name="test_dashboard_url" time="0.000"/>
	<testcase classname="metric_source.sonar_tests.SonarTest" name="test_duplicated_lines" time="0.000"/>
	<testcase classname="metric_source.sonar_tests.SonarTest" name="test_failing_unittests" time="0.001"/>
	<testcase classname="metric_source.sonar_tests.SonarTest" name="test_line_coverage" time="0.001"/>
	<testcase classname="metric_source.sonar_tests.SonarTest" name="test_lines" time="0.000"/>
	<testcase classname="metric_source.sonar_tests.SonarTest" name="test_long_methods" time="0.000"/>
	<testcase classname="metric_source.sonar_tests.SonarTest" name="test_major_violations" time="0.000"/>
	<testcase classname="metric_source.sonar_tests.SonarTest" name="test_many_parameters_methods" time="0.000"/>
	<testcase classname="metric_source.sonar_tests.SonarTest" name="test_methods" time="0.001"/>
	<testcase classname="metric_source.sonar_tests.SonarTest" name="test_ncloc" time="0.001"/>
	<testcase classname="metric_source.sonar_tests.SonarTest" name="test_package_cycles" time="0.000"/>
	<testcase classname="metric_source.sonar_tests.SonarTest" name="test_unittests" time="0.000"/>
	<testcase classname="metric_source.sonar_tests.SonarTest" name="test_url" time="0.000"/>
	<testcase classname="metric_source.sonar_tests.SonarTest" name="test_version" time="0.001"/>
	<testcase classname="metric_source.sonar_tests.SonarTest" name="test_violations_url" time="0.000"/>
	<system-out>
<![CDATA[]]>	</system-out>
	<system-err>
<![CDATA[WARNING:root:No pom retriever defined.
WARNING:root:No pom retriever defined.
ERROR:root:Couldn't find Missing product:1.1
ERROR:root:Error formatting dummy
WARNING:root:Could not open failing file
WARNING:root:Couldn't read http://jenkins/job/job-a/lastStableBuild/: HTTP Error None: None
ERROR:root:Couldn't parse http://jenkins/job/job-a/lastStableBuild/
WARNING:root:Couldn't open raise/pom.xml: HTTP Error None: None
ERROR:root:Error parsing http://sonar/
ERROR:root:Shell command failed: Command 'command' returned non-zero exit status -1
WARNING:root:Shell command failed: Command 'command' returned non-zero exit status -1
WARNING:root:Couldn't get cards from Trello board: <urlopen error https://api.trello.com/1/board/object_id/cards?key=appkey&token=token>
ERROR:root:Could not find missing in wiki
WARNING:root:Couldn't remove folder: OSError
]]>	</system-err>
</testsuite>
