<?xml version="1.0" ?>
<testsuite errors="0" failures="0" name="report_tests.QualityReportTest-20140214134912" tests="8" time="0.013">
	<testcase classname="report_tests.QualityReportTest" name="test_get_product_section" time="0.003"/>
	<testcase classname="report_tests.QualityReportTest" name="test_get_service_section" time="0.001"/>
	<testcase classname="report_tests.QualityReportTest" name="test_product" time="0.003"/>
	<testcase classname="report_tests.QualityReportTest" name="test_resources" time="0.001"/>
	<testcase classname="report_tests.QualityReportTest" name="test_sections" time="0.001"/>
	<testcase classname="report_tests.QualityReportTest" name="test_service" time="0.001"/>
	<testcase classname="report_tests.QualityReportTest" name="test_team" time="0.001"/>
	<testcase classname="report_tests.QualityReportTest" name="test_title" time="0.000"/>
	<system-out>
<![CDATA[]]>	</system-out>
	<system-err>
<![CDATA[WARNING:root:No pom retriever defined.
WARNING:root:No pom retriever defined.
ERROR:root:Couldn't find Missing product:1.1
ERROR:root:Error formatting dummy
WARNING:root:Could not open failing file
WARNING:root:Couldn't read http://jenkins/job/job-a/lastStableBuild/: HTTP Error None: None
ERROR:root:Couldn't parse http://jenkins/job/job-a/lastStableBuild/
WARNING:root:Couldn't open raise/pom.xml: HTTP Error None: None
ERROR:root:Error parsing http://sonar/
ERROR:root:Shell command failed: Command 'command' returned non-zero exit status -1
WARNING:root:Shell command failed: Command 'command' returned non-zero exit status -1
WARNING:root:Couldn't get cards from Trello board: <urlopen error https://api.trello.com/1/board/object_id/cards?key=appkey&token=token>
ERROR:root:Could not find missing in wiki
WARNING:root:Couldn't remove folder: OSError
]]>	</system-err>
</testsuite>
